<?xml version="1.0" encoding="UTF-8"?>
<!-- Generated by org.testng.reporters.JUnitReportReporter -->
<testsuite hostname="luckey" failures="0" tests="1" name="FinalProject.RemoveRecruits" time="12.473" errors="0" timestamp="2025-03-19T21:46:36 GMT+05:45" skipped="0">
  <testcase classname="FinalProject.RemoveRecruits" name="RecruitRemove" time="12.473"/>
  <system-out/>
</testsuite> <!-- FinalProject.RemoveRecruits -->
