<?xml version="1.0" encoding="UTF-8"?>
<!-- Generated by org.testng.reporters.JUnitReportReporter -->
<testsuite hostname="luckey" failures="0" tests="1" name="FinalProject.HrBaseSetup" time="11.396" errors="0" timestamp="2025-03-11T22:07:41 GMT+05:45" skipped="0">
  <testcase classname="FinalProject.HrBaseSetup" name="DriverSetup" time="11.396"/>
  <system-out/>
</testsuite> <!-- FinalProject.HrBaseSetup -->
