<?xml version="1.0" encoding="UTF-8"?>
<!-- Generated by org.testng.reporters.JUnitReportReporter -->
<testsuite hostname="luckey" failures="0" tests="1" name="FinalProject.ApproveLeave" time="4.769" errors="0" timestamp="2025-03-20T00:53:13 GMT+05:45" skipped="0">
  <testcase classname="FinalProject.ApproveLeave" name="LeaveApprove" time="4.769"/>
  <system-out/>
</testsuite> <!-- FinalProject.ApproveLeave -->
