<?xml version="1.0" encoding="UTF-8"?>
<!-- Generated by org.testng.reporters.JUnitReportReporter -->
<testsuite hostname="luckey" failures="0" tests="1" name="FinalProject.LeaveReq" time="8.706" errors="0" timestamp="2025-03-20T00:49:02 GMT+05:45" skipped="0">
  <testcase classname="FinalProject.LeaveReq" name="ReqLeave" time="8.706"/>
  <system-out/>
</testsuite> <!-- FinalProject.LeaveReq -->
