<?xml version="1.0" encoding="UTF-8"?>
<!-- Generated by org.testng.reporters.JUnitReportReporter -->
<testsuite hostname="luckey" failures="0" tests="1" name="FinalProject.AddEmployee" time="4.768" errors="0" timestamp="2025-03-20T07:31:13 GMT+05:45" skipped="0">
  <testcase classname="FinalProject.AddEmployee" name="EmpAdd" time="4.768"/>
  <system-out/>
</testsuite> <!-- FinalProject.AddEmployee -->
