<?xml version="1.0" encoding="UTF-8"?>
<!-- Generated by org.testng.reporters.JUnitReportReporter -->
<testsuite hostname="luckey" failures="0" tests="1" name="FinalProject.AddUser" time="15.759" errors="0" timestamp="2025-03-20T00:47:54 GMT+05:45" skipped="0">
  <testcase classname="FinalProject.AddUser" name="UserAdd" time="15.759"/>
  <system-out/>
</testsuite> <!-- FinalProject.AddUser -->
