<?xml version="1.0" encoding="UTF-8"?>
<!-- Generated by org.testng.reporters.JUnitReportReporter -->
<testsuite hostname="luckey" failures="0" tests="1" name="FinalProject.AddRecruitment" time="7.369" errors="0" timestamp="2025-03-17T22:53:05 GMT+05:45" skipped="0">
  <testcase classname="FinalProject.AddRecruitment" name="RecruitmentAdd" time="7.369"/>
  <system-out/>
</testsuite> <!-- FinalProject.AddRecruitment -->
