<?xml version="1.0" encoding="UTF-8"?>
<!-- Generated by org.testng.reporters.JUnitReportReporter -->
<testsuite hostname="luckey" failures="0" tests="1" name="FinalProject.EmpBaseSetup" time="4.938" errors="0" timestamp="2025-03-19T23:14:21 GMT+05:45" skipped="0">
  <testcase classname="FinalProject.EmpBaseSetup" name="DriverSetup" time="4.938"/>
  <system-out/>
</testsuite> <!-- FinalProject.EmpBaseSetup -->
