<?xml version="1.0" encoding="UTF-8"?>
<!-- Generated by org.testng.reporters.JUnitReportReporter -->
<testsuite hostname="luckey" failures="0" tests="1" name="FinalProject.DeleteEmployee" time="5.653" errors="0" timestamp="2025-03-15T00:36:29 GMT+05:45" skipped="0">
  <testcase classname="FinalProject.DeleteEmployee" name="EmployeeDelete" time="5.653"/>
  <system-out/>
</testsuite> <!-- FinalProject.DeleteEmployee -->
