<?xml version="1.0" encoding="UTF-8"?>
<!-- Generated by org.testng.reporters.JUnitReportReporter -->
<testsuite hostname="luckey" failures="0" tests="1" name="FinalProject.AddEntitlement" time="9.260" errors="0" timestamp="2025-03-20T00:48:31 GMT+05:45" skipped="0">
  <testcase classname="FinalProject.AddEntitlement" name="EntilemetAdd" time="9.260"/>
  <system-out/>
</testsuite> <!-- FinalProject.AddEntitlement -->
